2025-09-11 05:37:17,334 - setup.ayurveda_code_system - INFO - Output directory ensured: /home/ani/coding/sih/sih_25026/backend/setup/FHIR_artefacts
2025-09-11 05:37:17,335 - setup.ayurveda_code_system - INFO - Starting NAMASTE CodeSystem generation...
2025-09-11 05:37:17,354 - setup.ayurveda_code_system - INFO - Loaded CSV with 2893 rows from /home/ani/coding/sih/sih_25026/dataset/ayurveda_morbidity_code.csv
2025-09-11 05:37:17,419 - setup.ayurveda_code_system - INFO - Created CodeSystem with 2888 concepts
2025-09-11 05:37:17,475 - setup.ayurveda_code_system - ERROR - Failed to save CodeSystem: module 'pydantic.json' has no attribute 'dump'
2025-09-11 05:37:17,475 - setup.ayurveda_code_system - ERROR - ❌ CodeSystem generation failed: module 'pydantic.json' has no attribute 'dump'
2025-09-11 05:44:54,436 - setup.ayurveda_code_system - INFO - Output directory ensured: /home/ani/coding/sih/sih_25026/backend/setup/FHIR_artefacts
2025-09-11 05:44:54,437 - setup.ayurveda_code_system - INFO - Starting NAMASTE CodeSystem generation...
2025-09-11 05:44:54,447 - setup.ayurveda_code_system - INFO - Loaded CSV with 2893 rows from /home/ani/coding/sih/sih_25026/dataset/ayurveda_morbidity_code.csv
2025-09-11 05:44:54,501 - setup.ayurveda_code_system - INFO - Created CodeSystem with 2888 concepts
2025-09-11 05:44:54,519 - setup.ayurveda_code_system - ERROR - Failed to save CodeSystem: module 'pydantic.json' has no attribute 'dump'
2025-09-11 05:44:54,519 - setup.ayurveda_code_system - ERROR - ❌ CodeSystem generation failed: module 'pydantic.json' has no attribute 'dump'
2025-09-11 05:52:58,016 - setup.ayurveda_code_system - INFO - Output directory ensured: /home/ani/coding/sih/sih_25026/backend/setup/FHIR_artefacts
2025-09-11 05:52:58,016 - setup.ayurveda_code_system - INFO - Starting NAMASTE CodeSystem generation...
2025-09-11 05:52:58,028 - setup.ayurveda_code_system - INFO - Loaded CSV with 2893 rows from /home/ani/coding/sih/sih_25026/dataset/ayurveda_morbidity_code.csv
2025-09-11 05:52:58,088 - setup.ayurveda_code_system - INFO - Created CodeSystem with 2888 concepts
2025-09-11 05:52:58,108 - setup.ayurveda_code_system - ERROR - Failed to save CodeSystem: module 'pydantic.json' has no attribute 'dump'
2025-09-11 05:52:58,108 - setup.ayurveda_code_system - ERROR - ❌ CodeSystem generation failed: module 'pydantic.json' has no attribute 'dump'
2025-09-11 05:53:32,281 - setup.ayurveda_code_system - INFO - Output directory ensured: /home/ani/coding/sih/sih_25026/backend/setup/FHIR_artefacts
2025-09-11 05:53:32,281 - setup.ayurveda_code_system - INFO - Starting NAMASTE CodeSystem generation...
2025-09-11 05:53:32,293 - setup.ayurveda_code_system - INFO - Loaded CSV with 2893 rows from /home/ani/coding/sih/sih_25026/dataset/ayurveda_morbidity_code.csv
2025-09-11 05:53:32,362 - setup.ayurveda_code_system - INFO - Created CodeSystem with 2888 concepts
2025-09-11 05:53:32,386 - setup.ayurveda_code_system - INFO - CodeSystem saved to: /home/ani/coding/sih/sih_25026/backend/setup/FHIR_artefacts/namaste_codesystem.json
2025-09-11 05:53:32,387 - setup.ayurveda_code_system - INFO - ✅ NAMASTE CodeSystem generation completed successfully!
2025-09-11 05:53:32,387 - setup.ayurveda_code_system - INFO - 📊 Total concepts: 2888
2025-09-11 05:53:32,387 - setup.ayurveda_code_system - INFO - ⚠️  Warnings: 0
2025-09-11 05:53:32,387 - setup.ayurveda_code_system - INFO - 💾 Output file: /home/ani/coding/sih/sih_25026/backend/setup/FHIR_artefacts/namaste_codesystem.json
2025-09-11 06:15:08,000 - setup.ayurveda_code_system - INFO - Output directory ensured: /home/ani/coding/sih/sih_25026/backend/FHIR_artefacts
2025-09-11 06:15:08,001 - setup.ayurveda_code_system - INFO - Starting NAMASTE CodeSystem generation...
2025-09-11 06:15:08,016 - setup.ayurveda_code_system - INFO - Loaded CSV with 2893 rows from /home/ani/coding/sih/sih_25026/dataset/ayurveda_morbidity_code.csv
2025-09-11 06:15:08,083 - setup.ayurveda_code_system - INFO - Created CodeSystem with 2888 concepts
2025-09-11 06:15:08,104 - setup.ayurveda_code_system - INFO - CodeSystem saved to: /home/ani/coding/sih/sih_25026/backend/FHIR_artefacts/namaste_codesystem.json
2025-09-11 06:15:08,105 - setup.ayurveda_code_system - INFO - ✅ NAMASTE CodeSystem generation completed successfully!
2025-09-11 06:15:08,105 - setup.ayurveda_code_system - INFO - 📊 Total concepts: 2888
2025-09-11 06:15:08,105 - setup.ayurveda_code_system - INFO - ⚠️  Warnings: 0
2025-09-11 06:15:08,105 - setup.ayurveda_code_system - INFO - 💾 Output file: /home/ani/coding/sih/sih_25026/backend/FHIR_artefacts/namaste_codesystem.json
2025-09-11 10:38:48,650 - setup.ayurveda_code_system - INFO - Output directory ensured: /home/ani/coding/sih/sih_25026/backend/FHIR_artefacts
2025-09-11 10:38:48,650 - setup.ayurveda_code_system - INFO - Starting NAMASTE CodeSystem generation...
2025-09-11 10:38:48,668 - setup.ayurveda_code_system - INFO - Loaded CSV with 2893 rows from /home/ani/coding/sih/sih_25026/dataset/ayurveda_morbidity_code.csv
2025-09-11 10:38:48,758 - setup.ayurveda_code_system - INFO - Created CodeSystem with 2888 concepts
2025-09-11 10:38:48,779 - setup.ayurveda_code_system - INFO - CodeSystem saved to: /home/ani/coding/sih/sih_25026/backend/FHIR_artefacts/namaste_codesystem.json
2025-09-11 10:38:48,779 - setup.ayurveda_code_system - INFO - ✅ NAMASTE CodeSystem generation completed successfully!
2025-09-11 10:38:48,780 - setup.ayurveda_code_system - INFO - 📊 Total concepts: 2888
2025-09-11 10:38:48,780 - setup.ayurveda_code_system - INFO - ⚠️  Warnings: 0
2025-09-11 10:38:48,780 - setup.ayurveda_code_system - INFO - 💾 Output file: /home/ani/coding/sih/sih_25026/backend/FHIR_artefacts/namaste_codesystem.json
2025-09-11 10:50:04,664 - setup.ayurveda_code_system - INFO - Output directory ensured: /home/ani/coding/sih/sih_25026/backend/FHIR_artefacts
2025-09-11 10:50:04,664 - setup.ayurveda_code_system - INFO - Starting NAMASTE CodeSystem generation...
2025-09-11 10:50:04,681 - setup.ayurveda_code_system - INFO - Loaded CSV with 2893 rows from /home/ani/coding/sih/sih_25026/dataset/ayurveda_morbidity_code.csv
2025-09-11 10:50:04,772 - setup.ayurveda_code_system - INFO - Created CodeSystem with 2888 concepts
2025-09-11 10:50:04,802 - setup.ayurveda_code_system - INFO - CodeSystem saved to: /home/ani/coding/sih/sih_25026/backend/FHIR_artefacts/namaste_codesystem.json
2025-09-11 10:50:04,803 - setup.ayurveda_code_system - INFO - ✅ NAMASTE CodeSystem generation completed successfully!
2025-09-11 10:50:04,803 - setup.ayurveda_code_system - INFO - 📊 Total concepts: 2888
2025-09-11 10:50:04,803 - setup.ayurveda_code_system - INFO - ⚠️  Warnings: 0
2025-09-11 10:50:04,803 - setup.ayurveda_code_system - INFO - 💾 Output file: /home/ani/coding/sih/sih_25026/backend/FHIR_artefacts/namaste_codesystem.json
2025-09-11 10:54:37,041 - setup.ayurveda_code_system - INFO - Output directory ensured: /home/ani/coding/sih/sih_25026/backend/FHIR_artefacts
2025-09-11 10:54:37,042 - setup.ayurveda_code_system - INFO - Starting NAMASTE CodeSystem generation...
2025-09-11 10:54:37,057 - setup.ayurveda_code_system - INFO - Loaded CSV with 2893 rows from /home/ani/coding/sih/sih_25026/dataset/ayurveda_morbidity_code.csv
2025-09-11 10:54:37,147 - setup.ayurveda_code_system - INFO - Created CodeSystem with 2888 concepts
2025-09-11 10:54:37,171 - setup.ayurveda_code_system - INFO - CodeSystem saved to: /home/ani/coding/sih/sih_25026/backend/FHIR_artefacts/namaste_codesystem.json
2025-09-11 10:54:37,172 - setup.ayurveda_code_system - INFO - ✅ NAMASTE CodeSystem generation completed successfully!
2025-09-11 10:54:37,172 - setup.ayurveda_code_system - INFO - 📊 Total concepts: 2888
2025-09-11 10:54:37,172 - setup.ayurveda_code_system - INFO - ⚠️  Warnings: 0
2025-09-11 10:54:37,172 - setup.ayurveda_code_system - INFO - 💾 Output file: /home/ani/coding/sih/sih_25026/backend/FHIR_artefacts/namaste_codesystem.json
2025-09-11 11:01:46,886 - setup.ayurveda_code_system - INFO - Output directory ensured: /home/ani/coding/sih/sih_25026/backend/FHIR_artefacts
2025-09-11 11:01:46,887 - setup.ayurveda_code_system - INFO - Starting NAMASTE CodeSystem generation...
2025-09-11 11:01:46,901 - setup.ayurveda_code_system - INFO - Loaded CSV with 2893 rows from /home/ani/coding/sih/sih_25026/dataset/ayurveda_morbidity_code.csv
2025-09-11 11:01:46,990 - setup.ayurveda_code_system - INFO - Created CodeSystem with 2888 concepts
2025-09-11 11:01:47,014 - setup.ayurveda_code_system - INFO - CodeSystem saved to: /home/ani/coding/sih/sih_25026/backend/FHIR_artefacts/namaste_codesystem.json
2025-09-11 11:01:47,015 - setup.ayurveda_code_system - INFO - ✅ NAMASTE CodeSystem generation completed successfully!
2025-09-11 11:01:47,015 - setup.ayurveda_code_system - INFO - 📊 Total concepts: 2888
2025-09-11 11:01:47,015 - setup.ayurveda_code_system - INFO - ⚠️  Warnings: 0
2025-09-11 11:01:47,016 - setup.ayurveda_code_system - INFO - 💾 Output file: /home/ani/coding/sih/sih_25026/backend/FHIR_artefacts/namaste_codesystem.json
2025-09-11 12:59:28,672 - setup.ayurveda_code_system - INFO - Output directory ensured: /home/ani/coding/sih/sih_25026/backend/FHIR_artefacts
2025-09-11 12:59:28,672 - setup.ayurveda_code_system - INFO - Starting NAMASTE CodeSystem generation...
2025-09-11 12:59:28,686 - setup.ayurveda_code_system - INFO - Loaded CSV with 2893 rows from /home/ani/coding/sih/sih_25026/dataset/ayurveda_morbidity_code.csv
2025-09-11 12:59:28,769 - setup.ayurveda_code_system - INFO - Created CodeSystem with 2888 concepts
2025-09-11 12:59:28,791 - setup.ayurveda_code_system - INFO - CodeSystem saved to: /home/ani/coding/sih/sih_25026/backend/FHIR_artefacts/namaste_codesystem.json
2025-09-11 12:59:28,791 - setup.ayurveda_code_system - INFO - ✅ NAMASTE CodeSystem generation completed successfully!
2025-09-11 12:59:28,791 - setup.ayurveda_code_system - INFO - 📊 Total concepts: 2888
2025-09-11 12:59:28,791 - setup.ayurveda_code_system - INFO - ⚠️  Warnings: 0
2025-09-11 12:59:28,791 - setup.ayurveda_code_system - INFO - 💾 Output file: /home/ani/coding/sih/sih_25026/backend/FHIR_artefacts/namaste_codesystem.json
2025-09-11 13:05:38,144 - setup.ayurveda_code_system - INFO - Output directory ensured: /home/ani/coding/sih/sih_25026/backend/FHIR_artefacts
2025-09-11 13:05:38,144 - setup.ayurveda_code_system - INFO - Starting NAMASTE CodeSystem generation...
2025-09-11 13:05:38,158 - setup.ayurveda_code_system - INFO - Loaded CSV with 2893 rows from /home/ani/coding/sih/sih_25026/dataset/ayurveda_morbidity_code.csv
2025-09-11 13:05:38,243 - setup.ayurveda_code_system - INFO - Created CodeSystem with 2888 concepts
2025-09-11 13:05:38,269 - setup.ayurveda_code_system - INFO - CodeSystem saved to: /home/ani/coding/sih/sih_25026/backend/FHIR_artefacts/namaste_codesystem.json
2025-09-11 13:05:38,269 - setup.ayurveda_code_system - INFO - ✅ NAMASTE CodeSystem generation completed successfully!
2025-09-11 13:05:38,269 - setup.ayurveda_code_system - INFO - 📊 Total concepts: 2888
2025-09-11 13:05:38,269 - setup.ayurveda_code_system - INFO - ⚠️  Warnings: 0
2025-09-11 13:05:38,269 - setup.ayurveda_code_system - INFO - 💾 Output file: /home/ani/coding/sih/sih_25026/backend/FHIR_artefacts/namaste_codesystem.json
2025-09-11 13:05:38,292 - setup.conceptmap_generator - INFO - Loaded 0 mapping rows from /home/ani/coding/sih/sih_25026/backend/dataset/namaste_icd11_mapping.csv
2025-09-11 13:05:38,292 - setup.conceptmap_generator - INFO - ✅ Generated ConceptMap with 0 mappings
2025-09-11 13:05:38,293 - setup.conceptmap_generator - INFO - 💾 ConceptMap saved to /home/ani/coding/sih/sih_25026/backend/FHIR_artefacts/namaste_icd11_conceptmap.json
2025-09-11 13:14:52,385 - setup.ayurveda_code_system - INFO - Output directory ensured: /home/ani/coding/sih/sih_25026/backend/FHIR_artefacts
2025-09-11 13:14:52,385 - setup.ayurveda_code_system - INFO - Starting NAMASTE CodeSystem generation...
2025-09-11 13:14:52,397 - setup.ayurveda_code_system - INFO - Loaded CSV with 2893 rows from /home/ani/coding/sih/sih_25026/backend/dataset/ayurveda_morbidity_code.csv
2025-09-11 13:14:52,493 - setup.ayurveda_code_system - INFO - Created CodeSystem with 2888 concepts
2025-09-11 13:14:52,514 - setup.ayurveda_code_system - INFO - CodeSystem saved to: /home/ani/coding/sih/sih_25026/backend/FHIR_artefacts/namaste_codesystem.json
2025-09-11 13:14:52,514 - setup.ayurveda_code_system - INFO - ✅ NAMASTE CodeSystem generation completed successfully!
2025-09-11 13:14:52,515 - setup.ayurveda_code_system - INFO - 📊 Total concepts: 2888
2025-09-11 13:14:52,515 - setup.ayurveda_code_system - INFO - ⚠️  Warnings: 0
2025-09-11 13:14:52,515 - setup.ayurveda_code_system - INFO - 💾 Output file: /home/ani/coding/sih/sih_25026/backend/FHIR_artefacts/namaste_codesystem.json
2025-09-11 13:14:52,678 - setup.conceptmap_generator - INFO - Loaded 0 mapping rows from /home/ani/coding/sih/sih_25026/backend/dataset/namaste_icd11_mapping.csv
2025-09-11 13:14:52,678 - setup.conceptmap_generator - INFO - ✅ Generated ConceptMap with 0 mappings
2025-09-11 13:14:52,679 - setup.conceptmap_generator - INFO - 💾 ConceptMap saved to /home/ani/coding/sih/sih_25026/backend/FHIR_artefacts/namaste_icd11_conceptmap.json
2025-09-11 13:17:50,012 - setup.ayurveda_code_system - INFO - Output directory ensured: /home/ani/coding/sih/sih_25026/backend/FHIR_artefacts
2025-09-11 13:17:50,013 - setup.ayurveda_code_system - INFO - Starting NAMASTE CodeSystem generation...
2025-09-11 13:17:50,025 - setup.ayurveda_code_system - INFO - Loaded CSV with 2893 rows from /home/ani/coding/sih/sih_25026/backend/dataset/ayurveda_morbidity_code.csv
2025-09-11 13:17:50,121 - setup.ayurveda_code_system - INFO - Created CodeSystem with 2888 concepts
2025-09-11 13:17:50,143 - setup.ayurveda_code_system - INFO - CodeSystem saved to: /home/ani/coding/sih/sih_25026/backend/FHIR_artefacts/namaste_codesystem.json
2025-09-11 13:17:50,143 - setup.ayurveda_code_system - INFO - ✅ NAMASTE CodeSystem generation completed successfully!
2025-09-11 13:17:50,144 - setup.ayurveda_code_system - INFO - 📊 Total concepts: 2888
2025-09-11 13:17:50,144 - setup.ayurveda_code_system - INFO - ⚠️  Warnings: 0
2025-09-11 13:17:50,144 - setup.ayurveda_code_system - INFO - 💾 Output file: /home/ani/coding/sih/sih_25026/backend/FHIR_artefacts/namaste_codesystem.json
2025-09-11 13:17:50,182 - setup.conceptmap_generator - INFO - Loaded 0 mapping rows from /home/ani/coding/sih/sih_25026/backend/dataset/namaste_icd11_mapping.csv
2025-09-11 13:17:50,182 - setup.conceptmap_generator - INFO - ✅ Generated ConceptMap with 0 mappings
2025-09-11 13:17:50,182 - setup.conceptmap_generator - INFO - 💾 ConceptMap saved to /home/ani/coding/sih/sih_25026/backend/FHIR_artefacts/namaste_icd11_conceptmap.json
2025-09-11 13:21:03,632 - setup.ayurveda_code_system - INFO - Output directory ensured: /home/ani/coding/sih/sih_25026/backend/FHIR_artefacts
2025-09-11 13:21:03,633 - setup.ayurveda_code_system - INFO - Starting NAMASTE CodeSystem generation...
2025-09-11 13:21:03,646 - setup.ayurveda_code_system - INFO - Loaded CSV with 2893 rows from /home/ani/coding/sih/sih_25026/backend/dataset/ayurveda_morbidity_code.csv
2025-09-11 13:21:03,751 - setup.ayurveda_code_system - INFO - Created CodeSystem with 2888 concepts
2025-09-11 13:21:03,773 - setup.ayurveda_code_system - INFO - CodeSystem saved to: /home/ani/coding/sih/sih_25026/backend/FHIR_artefacts/namaste_codesystem.json
2025-09-11 13:21:03,773 - setup.ayurveda_code_system - INFO - ✅ NAMASTE CodeSystem generation completed successfully!
2025-09-11 13:21:03,773 - setup.ayurveda_code_system - INFO - 📊 Total concepts: 2888
2025-09-11 13:21:03,773 - setup.ayurveda_code_system - INFO - ⚠️  Warnings: 0
2025-09-11 13:21:03,773 - setup.ayurveda_code_system - INFO - 💾 Output file: /home/ani/coding/sih/sih_25026/backend/FHIR_artefacts/namaste_codesystem.json
2025-09-11 13:21:03,817 - setup.conceptmap_generator - INFO - Loaded 0 mapping rows from /home/ani/coding/sih/sih_25026/backend/dataset/namaste_icd11_mapping.csv
2025-09-11 13:21:03,817 - setup.conceptmap_generator - INFO - ✅ Generated ConceptMap with 0 mappings
2025-09-11 13:21:03,818 - setup.conceptmap_generator - INFO - 💾 ConceptMap saved to /home/ani/coding/sih/sih_25026/backend/FHIR_artefacts/namaste_icd11_conceptmap.json
2025-09-11 13:22:45,166 - setup.ayurveda_code_system - INFO - Output directory ensured: /home/ani/coding/sih/sih_25026/backend/FHIR_artefacts
2025-09-11 13:22:45,166 - setup.ayurveda_code_system - INFO - Starting NAMASTE CodeSystem generation...
2025-09-11 13:22:45,180 - setup.ayurveda_code_system - INFO - Loaded CSV with 2893 rows from /home/ani/coding/sih/sih_25026/backend/dataset/ayurveda_morbidity_code.csv
2025-09-11 13:21:35,787 - setup.ayurveda_code_system - INFO - Created CodeSystem with 2888 concepts
2025-09-11 13:21:35,817 - setup.ayurveda_code_system - INFO - CodeSystem saved to: /home/ani/coding/sih/sih_25026/backend/FHIR_artefacts/namaste_codesystem.json
2025-09-11 13:21:35,817 - setup.ayurveda_code_system - INFO - ✅ NAMASTE CodeSystem generation completed successfully!
2025-09-11 13:21:35,817 - setup.ayurveda_code_system - INFO - 📊 Total concepts: 2888
2025-09-11 13:21:35,817 - setup.ayurveda_code_system - INFO - ⚠️  Warnings: 0
2025-09-11 13:21:35,817 - setup.ayurveda_code_system - INFO - 💾 Output file: /home/ani/coding/sih/sih_25026/backend/FHIR_artefacts/namaste_codesystem.json
2025-09-11 13:21:35,845 - setup.conceptmap_generator - INFO - Loaded 0 mapping rows from /home/ani/coding/sih/sih_25026/backend/dataset/namaste_icd11_mapping.csv
2025-09-11 13:21:35,845 - setup.conceptmap_generator - INFO - ✅ Generated ConceptMap with 0 mappings
2025-09-11 13:21:35,845 - setup.conceptmap_generator - INFO - 💾 ConceptMap saved to /home/ani/coding/sih/sih_25026/backend/FHIR_artefacts/namaste_icd11_conceptmap.json
2025-09-11 19:25:01,080 - setup.ayurveda_code_system - INFO - Output directory ensured: /home/ani/coding/sih/sih_25026/backend/FHIR_artefacts
2025-09-11 19:25:01,082 - setup.ayurveda_code_system - INFO - Starting NAMASTE CodeSystem generation...
2025-09-11 19:25:01,109 - setup.ayurveda_code_system - INFO - Loaded CSV with 2893 rows from /home/ani/coding/sih/sih_25026/backend/dataset/ayurveda_morbidity_code.csv
2025-09-11 19:25:01,319 - setup.ayurveda_code_system - INFO - Created CodeSystem with 2888 concepts
2025-09-11 19:25:01,384 - setup.ayurveda_code_system - INFO - CodeSystem saved to: /home/ani/coding/sih/sih_25026/backend/FHIR_artefacts/namaste_codesystem.json
2025-09-11 19:25:01,385 - setup.ayurveda_code_system - INFO - ✅ NAMASTE CodeSystem generation completed successfully!
2025-09-11 19:25:01,385 - setup.ayurveda_code_system - INFO - 📊 Total concepts: 2888
2025-09-11 19:25:01,385 - setup.ayurveda_code_system - INFO - ⚠️  Warnings: 0
2025-09-11 19:25:01,385 - setup.ayurveda_code_system - INFO - 💾 Output file: /home/ani/coding/sih/sih_25026/backend/FHIR_artefacts/namaste_codesystem.json
2025-09-11 19:36:44,473 - setup.ayurveda_code_system - INFO - Output directory ensured: /home/ani/coding/sih/sih_25026/backend/FHIR_artefacts
2025-09-11 19:36:44,473 - setup.ayurveda_code_system - INFO - Starting NAMASTE CodeSystem generation...
2025-09-11 19:36:44,489 - setup.ayurveda_code_system - INFO - Loaded CSV with 2893 rows from /home/ani/coding/sih/sih_25026/backend/dataset/ayurveda_morbidity_code.csv
2025-09-11 19:36:44,703 - setup.ayurveda_code_system - INFO - Created CodeSystem with 2888 concepts
2025-09-11 19:36:44,760 - setup.ayurveda_code_system - INFO - CodeSystem saved to: /home/ani/coding/sih/sih_25026/backend/FHIR_artefacts/namaste_codesystem.json
2025-09-11 19:36:44,761 - setup.ayurveda_code_system - INFO - ✅ NAMASTE CodeSystem generation completed successfully!
2025-09-11 19:36:44,761 - setup.ayurveda_code_system - INFO - 📊 Total concepts: 2888
2025-09-11 19:36:44,761 - setup.ayurveda_code_system - INFO - ⚠️  Warnings: 0
2025-09-11 19:36:44,762 - setup.ayurveda_code_system - INFO - 💾 Output file: /home/ani/coding/sih/sih_25026/backend/FHIR_artefacts/namaste_codesystem.json
2025-09-11 19:38:20,609 - setup.ayurveda_code_system - INFO - Output directory ensured: /home/ani/coding/sih/sih_25026/backend/FHIR_artefacts
2025-09-11 19:38:20,609 - setup.ayurveda_code_system - INFO - Starting NAMASTE CodeSystem generation...
2025-09-11 19:38:20,627 - setup.ayurveda_code_system - INFO - Loaded CSV with 2893 rows from /home/ani/coding/sih/sih_25026/backend/dataset/ayurveda_morbidity_code.csv
2025-09-11 19:38:20,830 - setup.ayurveda_code_system - INFO - Created CodeSystem with 2888 concepts
2025-09-11 19:38:20,894 - setup.ayurveda_code_system - INFO - CodeSystem saved to: /home/ani/coding/sih/sih_25026/backend/FHIR_artefacts/namaste_codesystem.json
2025-09-11 19:38:20,895 - setup.ayurveda_code_system - INFO - ✅ NAMASTE CodeSystem generation completed successfully!
2025-09-11 19:38:20,895 - setup.ayurveda_code_system - INFO - 📊 Total concepts: 2888
2025-09-11 19:38:20,895 - setup.ayurveda_code_system - INFO - ⚠️  Warnings: 0
2025-09-11 19:38:20,895 - setup.ayurveda_code_system - INFO - 💾 Output file: /home/ani/coding/sih/sih_25026/backend/FHIR_artefacts/namaste_codesystem.json
2025-09-11 19:40:14,499 - setup.ayurveda_code_system - INFO - Output directory ensured: /home/ani/coding/sih/sih_25026/backend/FHIR_artefacts
2025-09-11 19:40:14,499 - setup.ayurveda_code_system - INFO - Starting NAMASTE CodeSystem generation...
2025-09-11 19:40:14,507 - setup.ayurveda_code_system - INFO - Loaded CSV with 29 rows from /home/ani/coding/sih/sih_25026/backend/dataset/test_ayurveda_morbidity_code.csv
2025-09-11 19:40:14,509 - setup.ayurveda_code_system - INFO - Created CodeSystem with 29 concepts
2025-09-11 19:40:14,510 - setup.ayurveda_code_system - INFO - CodeSystem saved to: /home/ani/coding/sih/sih_25026/backend/FHIR_artefacts/namaste_codesystem.json
2025-09-11 19:40:14,510 - setup.ayurveda_code_system - INFO - ✅ NAMASTE CodeSystem generation completed successfully!
2025-09-11 19:40:14,510 - setup.ayurveda_code_system - INFO - 📊 Total concepts: 29
2025-09-11 19:40:14,510 - setup.ayurveda_code_system - INFO - ⚠️  Warnings: 0
2025-09-11 19:40:14,510 - setup.ayurveda_code_system - INFO - 💾 Output file: /home/ani/coding/sih/sih_25026/backend/FHIR_artefacts/namaste_codesystem.json
2025-09-11 19:43:50,492 - setup.ayurveda_code_system - INFO - Output directory ensured: /home/ani/coding/sih/sih_25026/backend/FHIR_artefacts
2025-09-11 19:43:50,492 - setup.ayurveda_code_system - INFO - Starting NAMASTE CodeSystem generation...
2025-09-11 19:43:50,496 - setup.ayurveda_code_system - INFO - Loaded CSV with 29 rows from /home/ani/coding/sih/sih_25026/backend/dataset/test_ayurveda_morbidity_code.csv
2025-09-11 19:43:50,499 - setup.ayurveda_code_system - INFO - Created CodeSystem with 29 concepts
2025-09-11 19:43:50,500 - setup.ayurveda_code_system - INFO - CodeSystem saved to: /home/ani/coding/sih/sih_25026/backend/FHIR_artefacts/namaste_codesystem.json
2025-09-11 19:43:50,500 - setup.ayurveda_code_system - INFO - ✅ NAMASTE CodeSystem generation completed successfully!
2025-09-11 19:43:50,500 - setup.ayurveda_code_system - INFO - 📊 Total concepts: 29
2025-09-11 19:43:50,500 - setup.ayurveda_code_system - INFO - ⚠️  Warnings: 0
2025-09-11 19:43:50,500 - setup.ayurveda_code_system - INFO - 💾 Output file: /home/ani/coding/sih/sih_25026/backend/FHIR_artefacts/namaste_codesystem.json
2025-09-11 19:44:21,400 - setup.conceptmap_generator - INFO - Loaded 14 mapping rows from /home/ani/coding/sih/sih_25026/backend/dataset/namaste_icd11_mapping_automated.csv
2025-09-11 19:44:21,402 - setup.conceptmap_generator - INFO - ✅ Generated ConceptMap with 14 mappings
2025-09-11 19:44:21,403 - setup.conceptmap_generator - INFO - 💾 ConceptMap saved to /home/ani/coding/sih/sih_25026/backend/FHIR_artefacts/namaste_icd11_conceptmap.json
2025-09-12 12:01:50,365 - setup.ayurveda_code_system - INFO - Output directory ensured: /home/ani/coding/sih/sih_25026/backend/FHIR_artefacts
2025-09-12 12:01:50,367 - setup.ayurveda_code_system - INFO - Starting NAMASTE CodeSystem generation...
2025-09-12 12:01:50,385 - setup.ayurveda_code_system - INFO - Loaded CSV with 2893 rows from /home/ani/coding/sih/sih_25026/backend/dataset/ayurveda_morbidity_code.csv
2025-09-12 12:01:50,495 - setup.ayurveda_code_system - INFO - Created CodeSystem with 2888 concepts
2025-09-12 12:01:50,526 - setup.ayurveda_code_system - INFO - CodeSystem saved to: /home/ani/coding/sih/sih_25026/backend/FHIR_artefacts/namaste_codesystem.json
2025-09-12 12:01:50,527 - setup.ayurveda_code_system - INFO - ✅ NAMASTE CodeSystem generation completed successfully!
2025-09-12 12:01:50,527 - setup.ayurveda_code_system - INFO - 📊 Total concepts: 2888
2025-09-12 12:01:50,527 - setup.ayurveda_code_system - INFO - ⚠️  Warnings: 0
2025-09-12 12:01:50,527 - setup.ayurveda_code_system - INFO - 💾 Output file: /home/ani/coding/sih/sih_25026/backend/FHIR_artefacts/namaste_codesystem.json
2025-09-12 14:08:58,484 - setup.conceptmap_generator - INFO - Loaded 1598 mapping rows from /home/ani/coding/sih/sih_25026/backend/dataset/namaste_icd11_mapping_automated.csv
2025-09-12 14:08:58,512 - setup.conceptmap_generator - INFO - ✅ Generated ConceptMap with 1598 mappings
2025-09-12 14:08:58,530 - setup.conceptmap_generator - INFO - 💾 ConceptMap saved to /home/ani/coding/sih/sih_25026/backend/FHIR_artefacts/namaste_icd11_conceptmap.json
2025-09-12 20:54:02,718 - setup.ayurveda_code_system - INFO - Output directory ensured: /home/ani/coding/sih/sih_25026/backend/FHIR_artefacts
2025-09-12 20:54:02,720 - setup.ayurveda_code_system - INFO - Starting NAMASTE CodeSystem generation...
2025-09-12 20:54:02,732 - setup.ayurveda_code_system - INFO - Loaded CSV with 2893 rows from /home/ani/coding/sih/sih_25026/backend/dataset/ayurveda_morbidity_code.csv
2025-09-12 20:54:02,850 - setup.ayurveda_code_system - INFO - Created CodeSystem with 2888 concepts
2025-09-12 20:54:02,881 - setup.ayurveda_code_system - INFO - CodeSystem saved to: /home/ani/coding/sih/sih_25026/backend/FHIR_artefacts/namaste_codesystem.json
2025-09-12 20:54:02,882 - setup.ayurveda_code_system - INFO - ✅ NAMASTE CodeSystem generation completed successfully!
2025-09-12 20:54:02,882 - setup.ayurveda_code_system - INFO - 📊 Total concepts: 2888
2025-09-12 20:54:02,882 - setup.ayurveda_code_system - INFO - ⚠️  Warnings: 0
2025-09-12 20:54:02,882 - setup.ayurveda_code_system - INFO - 💾 Output file: /home/ani/coding/sih/sih_25026/backend/FHIR_artefacts/namaste_codesystem.json
2025-09-12 21:19:17,250 - setup.conceptmap_generator - INFO - Loaded 1598 mapping rows from /home/ani/coding/sih/sih_25026/backend/dataset/namaste_icd11_mapping_automated.csv
2025-09-12 21:19:17,279 - setup.conceptmap_generator - INFO - ✅ Generated ConceptMap with 1598 mappings
2025-09-12 21:19:17,299 - setup.conceptmap_generator - INFO - 💾 ConceptMap saved to /home/ani/coding/sih/sih_25026/backend/FHIR_artefacts/namaste_icd11_conceptmap.json
2025-09-12 21:33:21,440 - setup.ayurveda_code_system - INFO - Output directory ensured: /home/ani/coding/sih/sih_25026/backend/FHIR_artefacts
2025-09-12 21:33:21,441 - setup.ayurveda_code_system - INFO - Starting NAMASTE CodeSystem generation...
2025-09-12 21:33:21,452 - setup.ayurveda_code_system - INFO - Loaded CSV with 2893 rows from /home/ani/coding/sih/sih_25026/backend/dataset/ayurveda_morbidity_code.csv
2025-09-12 21:33:21,564 - setup.ayurveda_code_system - INFO - Created CodeSystem with 2888 concepts
2025-09-12 21:33:21,596 - setup.ayurveda_code_system - INFO - CodeSystem saved to: /home/ani/coding/sih/sih_25026/backend/FHIR_artefacts/namaste_codesystem.json
2025-09-12 21:33:21,597 - setup.ayurveda_code_system - INFO - ✅ NAMASTE CodeSystem generation completed successfully!
2025-09-12 21:33:21,597 - setup.ayurveda_code_system - INFO - 📊 Total concepts: 2888
2025-09-12 21:33:21,597 - setup.ayurveda_code_system - INFO - ⚠️  Warnings: 0
2025-09-12 21:33:21,597 - setup.ayurveda_code_system - INFO - 💾 Output file: /home/ani/coding/sih/sih_25026/backend/FHIR_artefacts/namaste_codesystem.json
2025-09-12 21:58:32,182 - setup.conceptmap_generator - INFO - Loaded 1598 mapping rows from /home/ani/coding/sih/sih_25026/backend/dataset/namaste_icd11_mapping_automated.csv
2025-09-12 21:58:32,212 - setup.conceptmap_generator - INFO - ✅ Generated ConceptMap with 1598 mappings
2025-09-12 21:58:32,231 - setup.conceptmap_generator - INFO - 💾 ConceptMap saved to /home/ani/coding/sih/sih_25026/backend/FHIR_artefacts/namaste_icd11_conceptmap.json
2025-09-12 22:24:27,175 - setup.ayurveda_code_system - INFO - Output directory ensured: /home/ani/coding/sih/sih_25026/backend/FHIR_artefacts
2025-09-12 22:24:27,177 - setup.ayurveda_code_system - INFO - Starting NAMASTE CodeSystem generation...
2025-09-12 22:24:27,191 - setup.ayurveda_code_system - INFO - Loaded CSV with 2893 rows from /home/ani/coding/sih/sih_25026/backend/dataset/ayurveda_morbidity_code.csv
2025-09-12 22:24:27,342 - setup.ayurveda_code_system - INFO - Created CodeSystem with 2888 concepts
2025-09-12 22:24:27,374 - setup.ayurveda_code_system - INFO - CodeSystem saved to: /home/ani/coding/sih/sih_25026/backend/FHIR_artefacts/namaste_codesystem.json
2025-09-12 22:24:27,374 - setup.ayurveda_code_system - INFO - ✅ NAMASTE CodeSystem generation completed successfully!
2025-09-12 22:24:27,374 - setup.ayurveda_code_system - INFO - 📊 Total concepts: 2888
2025-09-12 22:24:27,374 - setup.ayurveda_code_system - INFO - ⚠️  Warnings: 0
2025-09-12 22:24:27,374 - setup.ayurveda_code_system - INFO - 💾 Output file: /home/ani/coding/sih/sih_25026/backend/FHIR_artefacts/namaste_codesystem.json
2025-09-12 22:24:27,380 - setup.conceptmap_generator - INFO - Loaded 1598 mapping rows from /home/ani/coding/sih/sih_25026/backend/dataset/namaste_icd11_mapping_automated.csv
2025-09-12 22:24:27,416 - setup.conceptmap_generator - INFO - ✅ Generated ConceptMap with 1598 mappings
2025-09-12 22:24:27,435 - setup.conceptmap_generator - INFO - 💾 ConceptMap saved to /home/ani/coding/sih/sih_25026/backend/FHIR_artefacts/namaste_icd11_conceptmap.json
2025-09-12 22:25:56,139 - setup.ayurveda_code_system - INFO - Output directory ensured: /home/ani/coding/sih/sih_25026/backend/FHIR_artefacts
2025-09-12 22:25:56,139 - setup.ayurveda_code_system - INFO - Starting NAMASTE CodeSystem generation...
2025-09-12 22:25:56,148 - setup.ayurveda_code_system - INFO - Loaded CSV with 2893 rows from /home/ani/coding/sih/sih_25026/backend/dataset/ayurveda_morbidity_code.csv
2025-09-12 22:25:56,272 - setup.ayurveda_code_system - INFO - Created CodeSystem with 2888 concepts
2025-09-12 22:25:56,304 - setup.ayurveda_code_system - INFO - CodeSystem saved to: /home/ani/coding/sih/sih_25026/backend/FHIR_artefacts/namaste_codesystem.json
2025-09-12 22:25:56,304 - setup.ayurveda_code_system - INFO - ✅ NAMASTE CodeSystem generation completed successfully!
2025-09-12 22:25:56,304 - setup.ayurveda_code_system - INFO - 📊 Total concepts: 2888
2025-09-12 22:25:56,304 - setup.ayurveda_code_system - INFO - ⚠️  Warnings: 0
2025-09-12 22:25:56,304 - setup.ayurveda_code_system - INFO - 💾 Output file: /home/ani/coding/sih/sih_25026/backend/FHIR_artefacts/namaste_codesystem.json
2025-09-12 22:54:48,812 - setup.ayurveda_code_system - INFO - Output directory ensured: /home/ani/coding/sih/sih_25026/backend/FHIR_artefacts
2025-09-12 22:54:48,814 - setup.ayurveda_code_system - INFO - Starting NAMASTE CodeSystem generation...
2025-09-12 22:54:48,818 - setup.ayurveda_code_system - INFO - Loaded CSV with 17 rows from /home/ani/coding/sih/sih_25026/backend/dataset/ayurveda_sample_demo.csv
2025-09-12 22:54:48,819 - setup.ayurveda_code_system - INFO - Created CodeSystem with 17 top-level concepts
2025-09-12 22:54:48,821 - setup.ayurveda_code_system - INFO - CodeSystem saved to: /home/ani/coding/sih/sih_25026/backend/FHIR_artefacts/namaste_codesystem.json
2025-09-12 22:54:48,821 - setup.ayurveda_code_system - INFO - ✅ NAMASTE CodeSystem generation completed successfully!
2025-09-12 22:54:48,824 - setup.conceptmap_generator - INFO - Loaded 1598 mapping rows from /home/ani/coding/sih/sih_25026/backend/dataset/namaste_icd11_mapping_automated.csv
2025-09-12 22:54:48,890 - setup.conceptmap_generator - INFO - ✅ Generated ConceptMap with 1598 mappings
2025-09-12 22:54:48,912 - setup.conceptmap_generator - INFO - 💾 ConceptMap saved to /home/ani/coding/sih/sih_25026/backend/FHIR_artefacts/namaste_icd11_conceptmap.json
2025-09-12 22:55:27,076 - setup.ayurveda_code_system - INFO - Output directory ensured: /home/ani/coding/sih/sih_25026/backend/FHIR_artefacts
2025-09-12 22:55:27,077 - setup.ayurveda_code_system - INFO - Starting NAMASTE CodeSystem generation...
2025-09-12 22:55:27,081 - setup.ayurveda_code_system - INFO - Loaded CSV with 17 rows from /home/ani/coding/sih/sih_25026/backend/dataset/ayurveda_sample_demo.csv
2025-09-12 22:55:27,082 - setup.ayurveda_code_system - INFO - Created CodeSystem with 17 top-level concepts
2025-09-12 22:55:27,083 - setup.ayurveda_code_system - INFO - CodeSystem saved to: /home/ani/coding/sih/sih_25026/backend/FHIR_artefacts/namaste_codesystem.json
2025-09-12 22:55:27,084 - setup.ayurveda_code_system - INFO - ✅ NAMASTE CodeSystem generation completed successfully!
2025-09-12 22:55:27,086 - setup.conceptmap_generator - INFO - Loaded 1598 mapping rows from /home/ani/coding/sih/sih_25026/backend/dataset/namaste_icd11_mapping_automated.csv
2025-09-12 22:55:27,156 - setup.conceptmap_generator - INFO - ✅ Generated ConceptMap with 1598 mappings
2025-09-12 22:55:27,176 - setup.conceptmap_generator - INFO - 💾 ConceptMap saved to /home/ani/coding/sih/sih_25026/backend/FHIR_artefacts/namaste_icd11_conceptmap.json
2025-09-12 22:56:06,347 - setup.ayurveda_code_system - INFO - Output directory ensured: /home/ani/coding/sih/sih_25026/backend/FHIR_artefacts
2025-09-12 22:56:06,347 - setup.ayurveda_code_system - INFO - Starting NAMASTE CodeSystem generation...
2025-09-12 22:56:06,349 - setup.ayurveda_code_system - INFO - Loaded CSV with 17 rows from /home/ani/coding/sih/sih_25026/backend/dataset/ayurveda_sample_demo.csv
2025-09-12 22:56:06,350 - setup.ayurveda_code_system - INFO - Created CodeSystem with 17 top-level concepts
2025-09-12 22:56:06,351 - setup.ayurveda_code_system - INFO - CodeSystem saved to: /home/ani/coding/sih/sih_25026/backend/FHIR_artefacts/namaste_codesystem.json
2025-09-12 22:56:06,351 - setup.ayurveda_code_system - INFO - ✅ NAMASTE CodeSystem generation completed successfully!
2025-09-12 23:13:19,528 - setup.ayurveda_code_system - INFO - Output directory ensured: /home/ani/coding/sih/sih_25026/backend/setup/backend/FHIR_artefacts
2025-09-12 23:13:19,529 - setup.ayurveda_code_system - INFO - Starting NAMASTE CodeSystem generation...
2025-09-12 23:15:15,772 - setup.ayurveda_code_system - INFO - Output directory ensured: /home/ani/coding/sih/sih_25026/backend/setup/backend/FHIR_artefacts
2025-09-12 23:15:15,773 - setup.ayurveda_code_system - INFO - Starting NAMASTE CodeSystem generation...
2025-09-12 23:21:00,530 - setup.ayurveda_code_system - INFO - Output directory ensured: /home/ani/coding/sih/sih_25026/backend/backend/FHIR_artefacts
2025-09-12 23:21:00,532 - setup.ayurveda_code_system - INFO - Starting NAMASTE CodeSystem generation...
2025-09-12 23:23:00,233 - setup.ayurveda_code_system - INFO - Output directory ensured: /home/ani/coding/sih/sih_25026/backend/FHIR_artefacts
2025-09-12 23:23:00,233 - setup.ayurveda_code_system - INFO - Starting NAMASTE CodeSystem generation...
2025-09-12 23:23:00,244 - setup.ayurveda_code_system - INFO - Loaded CSV with 17 rows from /home/ani/coding/sih/sih_25026/backend/dataset/ayurveda_sample_demo.csv
2025-09-12 23:23:00,246 - setup.ayurveda_code_system - INFO - Created CodeSystem with 17 top-level concepts
2025-09-12 23:23:00,248 - setup.ayurveda_code_system - INFO - CodeSystem saved to: /home/ani/coding/sih/sih_25026/backend/FHIR_artefacts/namaste_codesystem.json
2025-09-12 23:23:00,248 - setup.ayurveda_code_system - INFO - ✅ NAMASTE CodeSystem generation completed successfully!
2025-09-12 23:23:05,781 - setup.conceptmap_generator - INFO - Loaded 12 mapping rows from /home/ani/coding/sih/sih_25026/backend/dataset/namaste_icd11_mapping_automated.csv
2025-09-12 23:23:05,783 - setup.conceptmap_generator - INFO - ✅ Generated ConceptMap with 12 mappings
2025-09-12 23:23:05,785 - setup.conceptmap_generator - INFO - 💾 ConceptMap saved to /home/ani/coding/sih/sih_25026/backend/FHIR_artefacts/namaste_icd11_conceptmap.json
2025-09-13 00:00:54,584 - setup.ayurveda_code_system - INFO - Output directory ensured: /home/ani/coding/sih/sih_25026/backend/FHIR_artefacts
2025-09-13 00:00:54,585 - setup.ayurveda_code_system - INFO - Starting NAMASTE CodeSystem generation...
2025-09-13 00:00:54,592 - setup.ayurveda_code_system - INFO - Loaded CSV with 17 rows from /home/ani/coding/sih/sih_25026/backend/dataset/ayurveda_sample_demo.csv
2025-09-13 00:00:54,595 - setup.ayurveda_code_system - INFO - Created CodeSystem with 17 top-level concepts
2025-09-13 00:00:54,597 - setup.ayurveda_code_system - INFO - CodeSystem saved to: /home/ani/coding/sih/sih_25026/backend/FHIR_artefacts/namaste_codesystem.json
2025-09-13 00:00:54,597 - setup.ayurveda_code_system - INFO - ✅ NAMASTE CodeSystem generation completed successfully!
2025-09-13 00:00:59,949 - setup.conceptmap_generator - INFO - Loaded 12 mapping rows from /home/ani/coding/sih/sih_25026/backend/dataset/namaste_icd11_mapping_automated.csv
2025-09-13 00:00:59,951 - setup.conceptmap_generator - INFO - ✅ Generated ConceptMap with 12 mappings
2025-09-13 00:00:59,952 - setup.conceptmap_generator - INFO - 💾 ConceptMap saved to /home/ani/coding/sih/sih_25026/backend/FHIR_artefacts/namaste_icd11_conceptmap.json
2025-09-13 00:01:45,883 - setup.ayurveda_code_system - INFO - Output directory ensured: /home/ani/coding/sih/sih_25026/backend/FHIR_artefacts
2025-09-13 00:01:45,883 - setup.ayurveda_code_system - INFO - Starting NAMASTE CodeSystem generation...
2025-09-13 00:01:45,887 - setup.ayurveda_code_system - INFO - Loaded CSV with 17 rows from /home/ani/coding/sih/sih_25026/backend/dataset/ayurveda_sample_demo.csv
2025-09-13 00:01:45,889 - setup.ayurveda_code_system - INFO - Created CodeSystem with 17 top-level concepts
2025-09-13 00:01:45,890 - setup.ayurveda_code_system - INFO - CodeSystem saved to: /home/ani/coding/sih/sih_25026/backend/FHIR_artefacts/namaste_codesystem.json
2025-09-13 00:01:45,891 - setup.ayurveda_code_system - INFO - ✅ NAMASTE CodeSystem generation completed successfully!
2025-09-13 00:01:51,158 - setup.conceptmap_generator - INFO - Loaded 12 mapping rows from /home/ani/coding/sih/sih_25026/backend/dataset/namaste_icd11_mapping_automated.csv
2025-09-13 00:01:51,160 - setup.conceptmap_generator - INFO - ✅ Generated ConceptMap with 12 mappings
2025-09-13 00:01:51,161 - setup.conceptmap_generator - INFO - 💾 ConceptMap saved to /home/ani/coding/sih/sih_25026/backend/FHIR_artefacts/namaste_icd11_conceptmap.json
2025-09-13 00:29:07,024 - setup.ayurveda_code_system - INFO - Output directory ensured: /home/ani/coding/sih/sih_25026/backend/FHIR_artefacts
2025-09-13 00:29:07,024 - setup.ayurveda_code_system - INFO - Starting NAMASTE CodeSystem generation...
2025-09-13 00:29:07,033 - setup.ayurveda_code_system - INFO - Loaded CSV with 17 rows from /home/ani/coding/sih/sih_25026/backend/dataset/ayurveda_sample_demo.csv
2025-09-13 00:29:07,035 - setup.ayurveda_code_system - INFO - Created CodeSystem with 17 top-level concepts
2025-09-13 00:29:07,036 - setup.ayurveda_code_system - INFO - CodeSystem saved to: /home/ani/coding/sih/sih_25026/backend/FHIR_artefacts/namaste_codesystem.json
2025-09-13 00:29:07,036 - setup.ayurveda_code_system - INFO - ✅ NAMASTE CodeSystem generation completed successfully!
2025-09-13 00:29:12,318 - setup.conceptmap_generator - INFO - Loaded 12 mapping rows from /home/ani/coding/sih/sih_25026/backend/dataset/namaste_icd11_mapping_automated.csv
2025-09-13 00:29:12,320 - setup.conceptmap_generator - INFO - ✅ Generated ConceptMap with 12 mappings
2025-09-13 00:29:12,321 - setup.conceptmap_generator - INFO - 💾 ConceptMap saved to /home/ani/coding/sih/sih_25026/backend/FHIR_artefacts/namaste_icd11_conceptmap.json
